2026-03-17 20:36:33,638 - crawlers - ERROR - Error during to perform Monoamine Oxidase B in load_chembl wrapper function
Traceback (most recent call last):
  File "/home/michel/Projetos/BioMolExplorer/src/wrappers/crawlers.py", line 109, in load_chembl
    bioact.search(target_name, filters)
  File "/home/michel/Projetos/BioMolExplorer/src/crawlers/bioactivities.py", line 129, in search
    target_ids  = target_ids['target_chembl_id'].tolist()
                  ~~~~~~~~~~^^^^^^^^^^^^^^^^^^^^
  File "/home/michel/miniconda3/envs/BioMolExplorer/lib/python3.12/site-packages/pandas/core/frame.py", line 3893, in __getitem__
    indexer = self.columns.get_loc(key)
              ^^^^^^^^^^^^^^^^^^^^^^^^^
  File "/home/michel/miniconda3/envs/BioMolExplorer/lib/python3.12/site-packages/pandas/core/indexes/range.py", line 418, in get_loc
    raise KeyError(key)
KeyError: 'target_chembl_id'
2026-03-17 20:37:22,419 - crawlers - ERROR - Error during to perform monoamine oxidase B in load_chembl wrapper function
Traceback (most recent call last):
  File "/home/michel/Projetos/BioMolExplorer/src/wrappers/crawlers.py", line 109, in load_chembl
    bioact.search(target_name, filters)
  File "/home/michel/Projetos/BioMolExplorer/src/crawlers/bioactivities.py", line 129, in search
    target_ids  = target_ids['target_chembl_id'].tolist()
                  ~~~~~~~~~~^^^^^^^^^^^^^^^^^^^^
  File "/home/michel/miniconda3/envs/BioMolExplorer/lib/python3.12/site-packages/pandas/core/frame.py", line 3893, in __getitem__
    indexer = self.columns.get_loc(key)
              ^^^^^^^^^^^^^^^^^^^^^^^^^
  File "/home/michel/miniconda3/envs/BioMolExplorer/lib/python3.12/site-packages/pandas/core/indexes/range.py", line 418, in get_loc
    raise KeyError(key)
KeyError: 'target_chembl_id'
2026-03-17 20:38:41,079 - crawlers - ERROR - Error during to perform monoamine oxidase-B in load_chembl wrapper function
Traceback (most recent call last):
  File "/home/michel/Projetos/BioMolExplorer/src/wrappers/crawlers.py", line 109, in load_chembl
    bioact.search(target_name, filters)
  File "/home/michel/Projetos/BioMolExplorer/src/crawlers/bioactivities.py", line 129, in search
    target_ids  = target_ids['target_chembl_id'].tolist()
                  ~~~~~~~~~~^^^^^^^^^^^^^^^^^^^^
  File "/home/michel/miniconda3/envs/BioMolExplorer/lib/python3.12/site-packages/pandas/core/frame.py", line 3893, in __getitem__
    indexer = self.columns.get_loc(key)
              ^^^^^^^^^^^^^^^^^^^^^^^^^
  File "/home/michel/miniconda3/envs/BioMolExplorer/lib/python3.12/site-packages/pandas/core/indexes/range.py", line 418, in get_loc
    raise KeyError(key)
KeyError: 'target_chembl_id'
